<?xml version="1.0" encoding="UTF-8"?>
<testsuite name="entity.MoonwheelTest" tests="5" skipped="0" failures="0" errors="0" timestamp="2022-02-02T08:20:50" hostname="DESKTOP-4AHVI7A" time="0.137">
  <properties/>
  <testcase name="testGetTiles()" classname="entity.MoonwheelTest" time="0.002"/>
  <testcase name="testHashCode()" classname="entity.MoonwheelTest" time="0.042"/>
  <testcase name="testEquals()" classname="entity.MoonwheelTest" time="0.023"/>
  <testcase name="testMoonWheelClone()" classname="entity.MoonwheelTest" time="0.048"/>
  <testcase name="testGetPlayerPositions()" classname="entity.MoonwheelTest" time="0.002"/>
  <system-out><![CDATA[]]></system-out>
  <system-err><![CDATA[]]></system-err>
</testsuite>
