<?xml version="1.0" encoding="UTF-8"?>
<testsuite name="entity.NovaLunaTest" tests="2" skipped="0" failures="0" errors="0" timestamp="2022-02-02T08:20:50" hostname="DESKTOP-4AHVI7A" time="0.039">
  <properties/>
  <testcase name="testGetAndSetHighScores()" classname="entity.NovaLunaTest" time="0.006"/>
  <testcase name="testGetAndSetGame()" classname="entity.NovaLunaTest" time="0.019"/>
  <system-out><![CDATA[]]></system-out>
  <system-err><![CDATA[]]></system-err>
</testsuite>
