<?xml version="1.0" encoding="UTF-8"?>
<testsuite name="service.MakeMoveMoonwheelTest" tests="5" skipped="0" failures="0" errors="0" timestamp="2022-02-02T08:21:09" hostname="DESKTOP-4AHVI7A" time="0.046">
  <properties/>
  <testcase name="makeMoveMoonwheelTileSelection()" classname="service.MakeMoveMoonwheelTest" time="0.005"/>
  <testcase name="makeMoveMoonwheelPlayerPosition1()" classname="service.MakeMoveMoonwheelTest" time="0.012"/>
  <testcase name="makeMovePlayerPosition2()" classname="service.MakeMoveMoonwheelTest" time="0.007"/>
  <testcase name="makeMoveMoonwheelTileUpdate()" classname="service.MakeMoveMoonwheelTest" time="0.012"/>
  <testcase name="makeMoveNoActiveGame()" classname="service.MakeMoveMoonwheelTest" time="0.004"/>
  <system-out><![CDATA[]]></system-out>
  <system-err><![CDATA[]]></system-err>
</testsuite>
