<?xml version="1.0" encoding="UTF-8"?>
<testsuite name="service.PlayerActionServiceTest" tests="2" skipped="0" failures="0" errors="0" timestamp="2022-02-02T08:21:10" hostname="DESKTOP-4AHVI7A" time="0.024">
  <properties/>
  <testcase name="testUndoRedo()" classname="service.PlayerActionServiceTest" time="0.019"/>
  <testcase name="testRefillTiles()" classname="service.PlayerActionServiceTest" time="0.003"/>
  <system-out><![CDATA[]]></system-out>
  <system-err><![CDATA[]]></system-err>
</testsuite>
