<?xml version="1.0" encoding="UTF-8"?>
<testsuite name="entity.ScoreTest" tests="1" skipped="0" failures="0" errors="0" timestamp="2022-02-02T08:20:51" hostname="DESKTOP-4AHVI7A" time="0.003">
  <properties/>
  <testcase name="testGetScoreAndWinner()" classname="entity.ScoreTest" time="0.003"/>
  <system-out><![CDATA[]]></system-out>
  <system-err><![CDATA[]]></system-err>
</testsuite>
