<?xml version="1.0" encoding="UTF-8"?>
<testsuite name="service.IOServiceTest" tests="7" skipped="0" failures="0" errors="0" timestamp="2022-02-02T08:21:08" hostname="DESKTOP-4AHVI7A" time="1.161">
  <properties/>
  <testcase name="parseCSVTestsRegardingFormat()" classname="service.IOServiceTest" time="0.004"/>
  <testcase name="testLoadAndSaveHighscore()" classname="service.IOServiceTest" time="0.725"/>
  <testcase name="testStringToCost()" classname="service.IOServiceTest" time="0.002"/>
  <testcase name="testStringToType()" classname="service.IOServiceTest" time="0.001"/>
  <testcase name="csvToTilesOnlyCase()" classname="service.IOServiceTest" time="0.003"/>
  <testcase name="testLoadAndSaveGame()" classname="service.IOServiceTest" time="0.414"/>
  <testcase name="testParseCSV()" classname="service.IOServiceTest" time="0.003"/>
  <system-out><![CDATA[[{"avgScore":14.5,"winner":"Anny"},{"avgScore":3.0,"winner":"Will"},{"avgScore":5.0,"winner":"John"},{"avgScore":20.3,"winner":"Max"},{"avgScore":11.1,"winner":"Brian"}]
]]></system-out>
  <system-err><![CDATA[]]></system-err>
</testsuite>
