<?xml version="1.0" encoding="UTF-8"?>
<testsuite name="service.MakeMoveTaskEvaluationTilePlacementTest" tests="4" skipped="0" failures="0" errors="0" timestamp="2022-02-02T08:21:10" hostname="DESKTOP-4AHVI7A" time="0.037">
  <properties/>
  <testcase name="makeMovePositionEligibility()" classname="service.MakeMoveTaskEvaluationTilePlacementTest" time="0.008"/>
  <testcase name="makeMoveTaskEvaluation1()" classname="service.MakeMoveTaskEvaluationTilePlacementTest" time="0.007"/>
  <testcase name="makeMoveTaskEvaluation2()" classname="service.MakeMoveTaskEvaluationTilePlacementTest" time="0.008"/>
  <testcase name="makeMoveTaskEvaluation3()" classname="service.MakeMoveTaskEvaluationTilePlacementTest" time="0.008"/>
  <system-out><![CDATA[]]></system-out>
  <system-err><![CDATA[]]></system-err>
</testsuite>
